#
# There is insufficient memory for the Java Runtime Environment to continue.
# Native memory allocation (mmap) failed to map 132120576 bytes for G1 virtual space
# Possible reasons:
#   The system is out of physical RAM or swap space
#   The process is running with CompressedOops enabled, and the Java Heap may be blocking the growth of the native heap
# Possible solutions:
#   Reduce memory load on the system
#   Increase physical memory or swap space
#   Check if swap backing store is full
#   Decrease Java heap size (-Xmx/-Xms)
#   Decrease number of Java threads
#   Decrease Java thread stack sizes (-Xss)
#   Set larger code cache with -XX:ReservedCodeCacheSize=
#   JVM is running with Unscaled Compressed Oops mode in which the Java heap is
#     placed in the first 4GB address space. The Java Heap base address is the
#     maximum limit for the native heap growth. Please use -XX:HeapBaseMinAddress
#     to set the Java Heap base and to place the Java Heap above 4GB virtual address.
# This output file may be truncated or incomplete.
#
#  Out of Memory Error (os_windows.cpp:3550), pid=11448, tid=9704
#
# JRE version:  (17.0.8+9) (build )
# Java VM: Java HotSpot(TM) 64-Bit Server VM (17.0.8+9-LTS-211, mixed mode, sharing, tiered, compressed oops, compressed class ptrs, g1 gc, windows-amd64)
# No core dump will be written. Minidumps are not enabled by default on client versions of Windows
#

---------------  S U M M A R Y ------------

Command Line: -javaagent:C:\Program Files\JetBrains\IntelliJ IDEA 2023.3.3\lib\idea_rt.jar=57752:C:\Program Files\JetBrains\IntelliJ IDEA 2023.3.3\bin -Dfile.encoding=UTF-8 ma.enset.hospital_jee.HospitalJeeSpringMvcApplication

Host: Intel(R) Core(TM) i5-1035G1 CPU @ 1.00GHz, 8 cores, 7G,  Windows 11 , 64 bit Build 22621 (10.0.22621.3085)
Time: Mon Mar  4 11:27:43 2024 Maroc (heure d64 bit Build 22621 (10.0.22621.3085) elapsed time: 0.034402 seconds (0d 0h 0m 0s)

---------------  T H R E A D  ---------------

Current thread (0x00000149da714bd0):  JavaThread "Unknown thread" [_thread_in_vm, id=9704, stack(0x0000000465700000,0x0000000465800000)]

Stack: [0x0000000465700000,0x0000000465800000]
Native frames: (J=compiled Java code, j=interpreted, Vv=VM code, C=native code)
V  [jvm.dll+0x677d0a]
V  [jvm.dll+0x7d8c54]
V  [jvm.dll+0x7da3fe]
V  [jvm.dll+0x7daa63]
V  [jvm.dll+0x245c5f]
V  [jvm.dll+0x674bb9]
V  [jvm.dll+0x6694f2]
V  [jvm.dll+0x3031d6]
V  [jvm.dll+0x30a756]
V  [jvm.dll+0x359f9e]
V  [jvm.dll+0x35a1cf]
V  [jvm.dll+0x2da3e8]
V  [jvm.dll+0x2db354]
V  [jvm.dll+0x7aa711]
V  [jvm.dll+0x367b51]
V  [jvm.dll+0x789979]
V  [jvm.dll+0x3eb05f]
V  [jvm.dll+0x3ecae1]
C  [jli.dll+0x5297]
C  [ucrtbase.dll+0x29363]
C  [KERNEL32.DLL+0x1257d]
C  [ntdll.dll+0x5aa58]


---------------  P R O C E S S  ---------------

Threads class SMR info:
_java_thread_list=0x00007fff16bd59d8, length=0, elements={
}

Java Threads: ( => current thread )

Other Threads:
  0x00000149da76d490 GCTaskThread "GC Thread#0" [stack: 0x0000000465800000,0x0000000465900000] [id=14824]
  0x00000149da77dc90 ConcurrentGCThread "G1 Main Marker" [stack: 0x0000000465900000,0x0000000465a00000] [id=22628]
  0x00000149da77ee40 ConcurrentGCThread "G1 Conc#0" [stack: 0x0000000465a00000,0x0000000465b00000] [id=21584]

[error occurred during error reporting (printing all threads), id 0xc0000005, EXCEPTION_ACCESS_VIOLATION (0xc0000005) at pc=0x00007fff1640b047]

VM state: not at safepoint (not fully initialized)

VM Mutex/Monitor currently owned by a thread:  ([mutex/lock_event])
[0x00000149da70f1b0] Heap_lock - owner thread: 0x00000149da714bd0

Heap address: 0x0000000083a00000, size: 1990 MB, Compressed Oops mode: 32-bit

CDS archive(s) mapped at: [0x0000000000000000-0x0000000000000000-0x0000000000000000), size 0, SharedBaseAddress: 0x0000000800000000, ArchiveRelocationMode: 1.
Narrow klass base: 0x0000000000000000, Narrow klass shift: 0, Narrow klass range: 0x0

GC Precious Log:
<Empty>

Heap:
 garbage-first heap   total 0K, used 0K [0x0000000083a00000, 0x0000000100000000)
  region size 1024K, 0 young (0K), 0 survivors (0K)

[error occurred during error reporting (printing heap information), id 0xc0000005, EXCEPTION_ACCESS_VIOLATION (0xc0000005) at pc=0x00007fff167f1499]

GC Heap History (0 events):
No events

Deoptimization events (0 events):
No events

Classes unloaded (0 events):
No events

Classes redefined (0 events):
No events

Internal exceptions (0 events):
No events

VM Operations (0 events):
No events

Events (1 events):
Event: 0.023 Loaded shared library C:\Program Files\Java\jdk-17\bin\java.dll


Dynamic libraries:
0x00007ff6163f0000 - 0x00007ff616400000 	C:\Program Files\Java\jdk-17\bin\java.exe
0x00007ffff8370000 - 0x00007ffff8587000 	C:\WINDOWS\SYSTEM32\ntdll.dll
0x00007ffff7170000 - 0x00007ffff7234000 	C:\WINDOWS\System32\KERNEL32.DLL
0x00007ffff56b0000 - 0x00007ffff5a56000 	C:\WINDOWS\System32\KERNELBASE.dll
0x00007ffff5fa0000 - 0x00007ffff60b1000 	C:\WINDOWS\System32\ucrtbase.dll
0x00007fffd0210000 - 0x00007fffd0229000 	C:\Program Files\Java\jdk-17\bin\jli.dll
0x00007fffd01f0000 - 0x00007fffd020b000 	C:\Program Files\Java\jdk-17\bin\VCRUNTIME140.dll
0x00007ffff7e40000 - 0x00007ffff7ef3000 	C:\WINDOWS\System32\ADVAPI32.dll
0x00007ffff67d0000 - 0x00007ffff6877000 	C:\WINDOWS\System32\msvcrt.dll
0x00007ffff60c0000 - 0x00007ffff6168000 	C:\WINDOWS\System32\sechost.dll
0x00007ffff5de0000 - 0x00007ffff5e08000 	C:\WINDOWS\System32\bcrypt.dll
0x00007ffff72e0000 - 0x00007ffff73f7000 	C:\WINDOWS\System32\RPCRT4.dll
0x00007ffff6dc0000 - 0x00007ffff6f6e000 	C:\WINDOWS\System32\USER32.dll
0x00007ffff5cf0000 - 0x00007ffff5d16000 	C:\WINDOWS\System32\win32u.dll
0x00007ffff6880000 - 0x00007ffff68a9000 	C:\WINDOWS\System32\GDI32.dll
0x00007ffff5e80000 - 0x00007ffff5f98000 	C:\WINDOWS\System32\gdi32full.dll
0x00007ffff5bd0000 - 0x00007ffff5c6a000 	C:\WINDOWS\System32\msvcp_win.dll
0x00007fffcfb10000 - 0x00007fffcfda3000 	C:\WINDOWS\WinSxS\amd64_microsoft.windows.common-controls_6595b64144ccf1df_6.0.22621.2506_none_270c5ae97388e100\COMCTL32.dll
0x00007fffec180000 - 0x00007fffec18a000 	C:\WINDOWS\SYSTEM32\VERSION.dll
0x00007ffff7130000 - 0x00007ffff7161000 	C:\WINDOWS\System32\IMM32.DLL
0x00007fffd9100000 - 0x00007fffd910c000 	C:\Program Files\Java\jdk-17\bin\vcruntime140_1.dll
0x00007fffc3d60000 - 0x00007fffc3dee000 	C:\Program Files\Java\jdk-17\bin\msvcp140.dll
0x00007fff16120000 - 0x00007fff16cfe000 	C:\Program Files\Java\jdk-17\bin\server\jvm.dll
0x00007ffff7240000 - 0x00007ffff7248000 	C:\WINDOWS\System32\PSAPI.DLL
0x00007fffda030000 - 0x00007fffda039000 	C:\WINDOWS\SYSTEM32\WSOCK32.dll
0x00007fffee870000 - 0x00007fffee8a4000 	C:\WINDOWS\SYSTEM32\WINMM.dll
0x00007ffff6190000 - 0x00007ffff6201000 	C:\WINDOWS\System32\WS2_32.dll
0x00007ffff4610000 - 0x00007ffff4628000 	C:\WINDOWS\SYSTEM32\kernel.appcore.dll
0x00007fffd6270000 - 0x00007fffd627a000 	C:\Program Files\Java\jdk-17\bin\jimage.dll
0x00007ffff30a0000 - 0x00007ffff32d3000 	C:\WINDOWS\SYSTEM32\DBGHELP.DLL
0x00007ffff6280000 - 0x00007ffff6609000 	C:\WINDOWS\System32\combase.dll
0x00007ffff7d60000 - 0x00007ffff7e37000 	C:\WINDOWS\System32\OLEAUT32.dll
0x00007fffd6a70000 - 0x00007fffd6aa2000 	C:\WINDOWS\SYSTEM32\dbgcore.DLL
0x00007ffff5c70000 - 0x00007ffff5cea000 	C:\WINDOWS\System32\bcryptPrimitives.dll
0x00007ffff1db0000 - 0x00007ffff1dbe000 	C:\Program Files\Java\jdk-17\bin\instrument.dll
0x00007fffc9040000 - 0x00007fffc9065000 	C:\Program Files\Java\jdk-17\bin\java.dll

dbghelp: loaded successfully - version: 4.0.5 - missing functions: none
symbol engine: initialized successfully - sym options: 0x614 - pdb path: .;C:\Program Files\Java\jdk-17\bin;C:\WINDOWS\SYSTEM32;C:\WINDOWS\WinSxS\amd64_microsoft.windows.common-controls_6595b64144ccf1df_6.0.22621.2506_none_270c5ae97388e100;C:\Program Files\Java\jdk-17\bin\server

VM Arguments:
jvm_args: -javaagent:C:\Program Files\JetBrains\IntelliJ IDEA 2023.3.3\lib\idea_rt.jar=57752:C:\Program Files\JetBrains\IntelliJ IDEA 2023.3.3\bin -Dfile.encoding=UTF-8 
java_command: ma.enset.hospital_jee.HospitalJeeSpringMvcApplication
java_class_path (initial): C:\Users\21263\OneDrive\Bureau\SpringCourses\SpringData_JPA_JDBC\Hospital_JEE_Spring_MVC\target\classes;C:\Users\21263\.m2\repository\org\springframework\boot\spring-boot-starter-data-jpa\3.2.2\spring-boot-starter-data-jpa-3.2.2.jar;C:\Users\21263\.m2\repository\org\springframework\boot\spring-boot-starter-aop\3.2.2\spring-boot-starter-aop-3.2.2.jar;C:\Users\21263\.m2\repository\org\aspectj\aspectjweaver\1.9.21\aspectjweaver-1.9.21.jar;C:\Users\21263\.m2\repository\org\springframework\boot\spring-boot-starter-jdbc\3.2.2\spring-boot-starter-jdbc-3.2.2.jar;C:\Users\21263\.m2\repository\com\zaxxer\HikariCP\5.0.1\HikariCP-5.0.1.jar;C:\Users\21263\.m2\repository\org\springframework\spring-jdbc\6.1.3\spring-jdbc-6.1.3.jar;C:\Users\21263\.m2\repository\org\hibernate\orm\hibernate-core\6.4.1.Final\hibernate-core-6.4.1.Final.jar;C:\Users\21263\.m2\repository\jakarta\persistence\jakarta.persistence-api\3.1.0\jakarta.persistence-api-3.1.0.jar;C:\Users\21263\.m2\repository\jakarta\transaction\jakarta.transaction-api\2.0.1\jakarta.transaction-api-2.0.1.jar;C:\Users\21263\.m2\repository\org\jboss\logging\jboss-logging\3.5.3.Final\jboss-logging-3.5.3.Final.jar;C:\Users\21263\.m2\repository\org\hibernate\common\hibernate-commons-annotations\6.0.6.Final\hibernate-commons-annotations-6.0.6.Final.jar;C:\Users\21263\.m2\repository\io\smallrye\jandex\3.1.2\jandex-3.1.2.jar;C:\Users\21263\.m2\repository\com\fasterxml\classmate\1.6.0\classmate-1.6.0.jar;C:\Users\21263\.m2\repository\net\bytebuddy\byte-buddy\1.14.11\byte-buddy-1.14.11.jar;C:\Users\21263\.m2\repository\org\glassfish\jaxb\jaxb-runtime\4.0.4\jaxb-runtime-4.0.4.jar;C:\Users\21263\.m2\repository\org\glassfish\jaxb\jaxb-core\4.0.4\jaxb-core-4.0.4.jar;C:\Users\21263\.m2\repository\org\eclipse\angus\angus-activation\2.0.1\angus-activation-2.0.1.jar;C:\Users\21263\.m2\repository\org\glassfish\jaxb\txw2\4.0.4\txw2-4.0.4.jar;C:\Users\21263\.m2\repository\com\sun\istack\istack-commons-runtime\4.1.2\istack-
Launcher Type: SUN_STANDARD

[Global flags]
     intx CICompilerCount                          = 4                                         {product} {ergonomic}
     uint ConcGCThreads                            = 2                                         {product} {ergonomic}
     uint G1ConcRefinementThreads                  = 8                                         {product} {ergonomic}
   size_t G1HeapRegionSize                         = 1048576                                   {product} {ergonomic}
    uintx GCDrainStackTargetSize                   = 64                                        {product} {ergonomic}
   size_t InitialHeapSize                          = 132120576                                 {product} {ergonomic}
   size_t MarkStackSize                            = 4194304                                   {product} {ergonomic}
   size_t MaxHeapSize                              = 2086666240                                {product} {ergonomic}
   size_t MinHeapDeltaBytes                        = 1048576                                   {product} {ergonomic}
   size_t MinHeapSize                              = 8388608                                   {product} {ergonomic}
    uintx NonNMethodCodeHeapSize                   = 5839372                                {pd product} {ergonomic}
    uintx NonProfiledCodeHeapSize                  = 122909434                              {pd product} {ergonomic}
    uintx ProfiledCodeHeapSize                     = 122909434                              {pd product} {ergonomic}
    uintx ReservedCodeCacheSize                    = 251658240                              {pd product} {ergonomic}
     bool SegmentedCodeCache                       = true                                      {product} {ergonomic}
   size_t SoftMaxHeapSize                          = 2086666240                             {manageable} {ergonomic}
     bool UseCompressedClassPointers               = true                           {product lp64_product} {ergonomic}
     bool UseCompressedOops                        = true                           {product lp64_product} {ergonomic}
     bool UseG1GC                                  = true                                      {product} {ergonomic}
     bool UseLargePagesIndividualAllocation        = false                                  {pd product} {ergonomic}

Logging:
Log output configuration:
 #0: stdout all=warning uptime,level,tags
 #1: stderr all=off uptime,level,tags

Environment Variables:
JAVA_HOME=C:\Program Files\Java\jdk-17
PATH=C:\Users\21263\Downloads\WINDOWS.X64_193000_db_home\bin;C:\app\21263\product\21c\dbhomeXE\bin;E:\app\product\21c\dbhomeXE\bin;E:\product\21c\dbhomeXE\bin;C:\Users\21263\AppData\Local\Programs\Microsoft VS Code\bin;C:\Program Files\Java\jdk-17\bin;C:\Program Files\nodejs\;C:\Windows\System32;C:\Windows\System32\wbem;C:\Windows\System32\WindowsPowerShell\v1.0;C:\Program Files\Python311;C:\Program Files\Git\bin;C:\MinGW\bin;C:\Program Files\Microsoft Visual Studio\2022\Community;C:\Program Files\Microsoft Visual Studio\2022\Community\VC\Tools\MSVC\14.36.32532\bin\Hostx64\x64;C:\Program Files\nodejs\node_modules\npm\bin;C:\Program Files (x86)\Windows Kits\10\Windows Performance Toolkit\;C:\Program Files (x86)\MSBuild\Microsoft\Windows Workflow Foundation\v3.5;C:\Program Files (x86)\Windows Kits\10\bin;C:\Program Files\MongoDB\Server\6.0\bin;C:\Program Files\Microsoft SQL Server\160\Tools\Binn;C:\Program Files\JetBrains\IntelliJ IDEA 2023.2.2\bin;C:\Program Files\MySQL\MySQL Server 8.0\bin;C:\Users\21263\AppData\Roaming\npm;C:\Program Files\dotnet;C:\Program Files\MongoDB\Tools\100\bin;C:\Program Files\MongoDB\Server\6.0\bin\mongo.exe;C:\Users\21263\.dotnet\tools;C:\Program Files\apache-maven-3.9.5-bin\apache-maven-3.9.5\bin;C:\Program Files (x86)\GnuWin32\bin;C:\WINDOWS\system32\config\systemprofile\AppData\Local\Microsoft\WindowsApps;C:\Program Files\gnuplot\bin;C:\Program Files\gnuplot\bin\gnuplot.exe;C:\Program Files\Docker\Docker\resources\bin;C:\Users\21263\AppData\Local\Programs\Microsoft VS Code\bin;C:\Program Files\Java\jdk-17\bin;C:\Program Files\nodejs;C:\MinGW\bin;C:\Program Files\Notepad++\bin;C:\Program Files\Git\bin;C:\Program Files\JetBrains\IntelliJ IDEA 2023.2.2\bin;C:\Users\21263\AppData\Local\Programs\mongosh\;C:\ProgramData\chocolatey\bin;C:\Users\OS\AppData\Local\Microsoft\WindowsApps;
USERNAME=21263
OS=Windows_NT
PROCESSOR_IDENTIFIER=Intel64 Family 6 Model 126 Stepping 5, GenuineIntel



---------------  S Y S T E M  ---------------

OS:
 Windows 11 , 64 bit Build 22621 (10.0.22621.3085)
OS uptime: 0 days 3:37 hours
Hyper-V role detected

CPU: total 8 (initial active 8) (4 cores per cpu, 2 threads per core) family 6 model 126 stepping 5 microcode 0x96, cx8, cmov, fxsr, ht, mmx, 3dnowpref, sse, sse2, sse3, ssse3, sse4.1, sse4.2, popcnt, lzcnt, tsc, tscinvbit, avx, avx2, aes, erms, clmul, bmi1, bmi2, adx, avx512f, avx512dq, avx512cd, avx512bw, avx512vl, sha, fma, vzeroupper, avx512_vpopcntdq, avx512_vpclmulqdq, avx512_vaes, avx512_vnni, clflush, clflushopt, avx512_vbmi2, avx512_vbmi, hv

Memory: 4k page, system-wide physical 7954M (543M free)
TotalPageFile size 16923M (AvailPageFile size 129M)
current process WorkingSet (physical memory assigned to process): 11M, peak: 11M
current process commit charge ("private bytes"): 60M, peak: 186M

vm_info: Java HotSpot(TM) 64-Bit Server VM (17.0.8+9-LTS-211) for windows-amd64 JRE (17.0.8+9-LTS-211), built on Jun 14 2023 10:34:31 by "mach5one" with MS VC++ 17.1 (VS2022)

END.
